<?xml version="1.0" encoding="UTF-8"?>
<testsuite xmlns:xsi="http://www.w3.org/2001/XMLSchema-instance" xsi:noNamespaceSchemaLocation="https://maven.apache.org/surefire/maven-surefire-plugin/xsd/surefire-test-report.xsd" name="org.apache.hudi.common.util.TestNumericUtils" time="0.004" tests="3" errors="0" skipped="0" failures="0">
  <properties>
    <property name="gopherProxySet" value="false"/>
    <property name="awt.toolkit" value="sun.lwawt.macosx.LWCToolkit"/>
    <property name="file.encoding.pkg" value="sun.io"/>
    <property name="java.specification.version" value="1.8"/>
    <property name="log4j.configurationFile" value="log4j2-surefire.properties"/>
    <property name="sun.cpu.isalist" value=""/>
    <property name="sun.jnu.encoding" value="UTF-8"/>
    <property name="java.class.path" value="/Users/liuzhiwei/.m2/repository/org/apache/maven/surefire/surefire-booter/2.22.2/surefire-booter-2.22.2.jar:/Users/liuzhiwei/.m2/repository/org/apache/maven/surefire/surefire-api/2.22.2/surefire-api-2.22.2.jar:/Users/liuzhiwei/.m2/repository/org/apache/maven/surefire/surefire-logger-api/2.22.2/surefire-logger-api-2.22.2.jar:/Users/liuzhiwei/ideapro/hudisrc/hudi-0.12.1/hudi-common/target/test-classes:/Users/liuzhiwei/ideapro/hudisrc/hudi-0.12.1/hudi-common/target/classes:/Users/liuzhiwei/.m2/repository/org/openjdk/jol/jol-core/0.16/jol-core-0.16.jar:/Users/liuzhiwei/.m2/repository/org/apache/logging/log4j/log4j-1.2-api/2.17.2/log4j-1.2-api-2.17.2.jar:/Users/liuzhiwei/.m2/repository/org/apache/logging/log4j/log4j-api/2.17.2/log4j-api-2.17.2.jar:/Users/liuzhiwei/.m2/repository/com/fasterxml/jackson/core/jackson-annotations/2.6.7/jackson-annotations-2.6.7.jar:/Users/liuzhiwei/.m2/repository/com/fasterxml/jackson/core/jackson-databind/2.6.7.3/jackson-databind-2.6.7.3.jar:/Users/liuzhiwei/.m2/repository/com/fasterxml/jackson/core/jackson-core/2.6.7/jackson-core-2.6.7.jar:/Users/liuzhiwei/.m2/repository/org/apache/avro/avro/1.8.2/avro-1.8.2.jar:/Users/liuzhiwei/.m2/repository/org/codehaus/jackson/jackson-core-asl/1.9.13/jackson-core-asl-1.9.13.jar:/Users/liuzhiwei/.m2/repository/org/codehaus/jackson/jackson-mapper-asl/1.9.13/jackson-mapper-asl-1.9.13.jar:/Users/liuzhiwei/.m2/repository/com/thoughtworks/paranamer/paranamer/2.7/paranamer-2.7.jar:/Users/liuzhiwei/.m2/repository/org/xerial/snappy/snappy-java/1.1.1.3/snappy-java-1.1.1.3.jar:/Users/liuzhiwei/.m2/repository/org/apache/commons/commons-compress/1.8.1/commons-compress-1.8.1.jar:/Users/liuzhiwei/.m2/repository/org/tukaani/xz/1.5/xz-1.5.jar:/Users/liuzhiwei/.m2/repository/org/slf4j/slf4j-api/1.7.36/slf4j-api-1.7.36.jar:/Users/liuzhiwei/.m2/repository/com/github/ben-manes/caffeine/caffeine/2.9.1/caffeine-2.9.1.jar:/Users/liuzhiwei/.m2/repository/org/checkerframework/checker-qual/3.10.0/checker-qual-3.10.0.jar:/Users/liuzhiwei/.m2/repository/com/google/errorprone/error_prone_annotations/2.5.1/error_prone_annotations-2.5.1.jar:/Users/liuzhiwei/.m2/repository/org/apache/parquet/parquet-avro/1.10.1/parquet-avro-1.10.1.jar:/Users/liuzhiwei/.m2/repository/org/apache/parquet/parquet-column/1.10.1/parquet-column-1.10.1.jar:/Users/liuzhiwei/.m2/repository/org/apache/parquet/parquet-common/1.10.1/parquet-common-1.10.1.jar:/Users/liuzhiwei/.m2/repository/org/apache/parquet/parquet-encoding/1.10.1/parquet-encoding-1.10.1.jar:/Users/liuzhiwei/.m2/repository/org/apache/parquet/parquet-hadoop/1.10.1/parquet-hadoop-1.10.1.jar:/Users/liuzhiwei/.m2/repository/org/apache/parquet/parquet-jackson/1.10.1/parquet-jackson-1.10.1.jar:/Users/liuzhiwei/.m2/repository/commons-pool/commons-pool/1.6/commons-pool-1.6.jar:/Users/liuzhiwei/.m2/repository/org/apache/parquet/parquet-format/2.4.0/parquet-format-2.4.0.jar:/Users/liuzhiwei/.m2/repository/it/unimi/dsi/fastutil/7.0.13/fastutil-7.0.13.jar:/Users/liuzhiwei/.m2/repository/org/apache/orc/orc-core/1.6.0/orc-core-1.6.0-nohive.jar:/Users/liuzhiwei/.m2/repository/org/apache/orc/orc-shims/1.6.0/orc-shims-1.6.0.jar:/Users/liuzhiwei/.m2/repository/com/google/protobuf/protobuf-java/2.5.0/protobuf-java-2.5.0.jar:/Users/liuzhiwei/.m2/repository/commons-lang/commons-lang/2.6/commons-lang-2.6.jar:/Users/liuzhiwei/.m2/repository/io/airlift/aircompressor/0.15/aircompressor-0.15.jar:/Users/liuzhiwei/.m2/repository/javax/xml/bind/jaxb-api/2.2.11/jaxb-api-2.2.11.jar:/Users/liuzhiwei/.m2/repository/org/apache/hive/hive-storage-api/2.6.0/hive-storage-api-2.6.0.jar:/Users/liuzhiwei/.m2/repository/org/jetbrains/annotations/17.0.0/annotations-17.0.0.jar:/Users/liuzhiwei/.m2/repository/org/apache/httpcomponents/fluent-hc/4.4.1/fluent-hc-4.4.1.jar:/Users/liuzhiwei/.m2/repository/commons-logging/commons-logging/1.2/commons-logging-1.2.jar:/Users/liuzhiwei/.m2/repository/org/apache/httpcomponents/httpclient/4.4.1/httpclient-4.4.1.jar:/Users/liuzhiwei/.m2/repository/org/apache/httpcomponents/httpcore/4.4.1/httpcore-4.4.1.jar:/Users/liuzhiwei/.m2/repository/commons-codec/commons-codec/1.9/commons-codec-1.9.jar:/Users/liuzhiwei/.m2/repository/org/rocksdb/rocksdbjni/5.17.2/rocksdbjni-5.17.2.jar:/Users/liuzhiwei/.m2/repository/org/apache/hadoop/hadoop-client/2.10.1/hadoop-client-2.10.1.jar:/Users/liuzhiwei/.m2/repository/org/apache/hadoop/hadoop-common/2.10.1/hadoop-common-2.10.1.jar:/Users/liuzhiwei/.m2/repository/org/apache/hadoop/hadoop-hdfs-client/2.10.1/hadoop-hdfs-client-2.10.1.jar:/Users/liuzhiwei/.m2/repository/com/squareup/okhttp/okhttp/2.7.5/okhttp-2.7.5.jar:/Users/liuzhiwei/.m2/repository/com/squareup/okio/okio/1.6.0/okio-1.6.0.jar:/Users/liuzhiwei/.m2/repository/org/apache/hadoop/hadoop-mapreduce-client-app/2.10.1/hadoop-mapreduce-client-app-2.10.1.jar:/Users/liuzhiwei/.m2/repository/org/apache/hadoop/hadoop-mapreduce-client-common/2.10.1/hadoop-mapreduce-client-common-2.10.1.jar:/Users/liuzhiwei/.m2/repository/org/apache/hadoop/hadoop-mapreduce-client-shuffle/2.10.1/hadoop-mapreduce-client-shuffle-2.10.1.jar:/Users/liuzhiwei/.m2/repository/org/apache/hadoop/hadoop-yarn-server-common/2.10.1/hadoop-yarn-server-common-2.10.1.jar:/Users/liuzhiwei/.m2/repository/org/apache/hadoop/hadoop-yarn-registry/2.10.1/hadoop-yarn-registry-2.10.1.jar:/Users/liuzhiwei/.m2/repository/org/apache/geronimo/specs/geronimo-jcache_1.0_spec/1.0-alpha-1/geronimo-jcache_1.0_spec-1.0-alpha-1.jar:/Users/liuzhiwei/.m2/repository/org/ehcache/ehcache/3.3.1/ehcache-3.3.1.jar:/Users/liuzhiwei/.m2/repository/com/zaxxer/HikariCP-java7/2.4.12/HikariCP-java7-2.4.12.jar:/Users/liuzhiwei/.m2/repository/com/microsoft/sqlserver/mssql-jdbc/6.2.1.jre7/mssql-jdbc-6.2.1.jre7.jar:/Users/liuzhiwei/.m2/repository/org/apache/hadoop/hadoop-yarn-api/2.10.1/hadoop-yarn-api-2.10.1.jar:/Users/liuzhiwei/.m2/repository/org/apache/hadoop/hadoop-mapreduce-client-core/2.10.1/hadoop-mapreduce-client-core-2.10.1.jar:/Users/liuzhiwei/.m2/repository/org/apache/hadoop/hadoop-yarn-client/2.10.1/hadoop-yarn-client-2.10.1.jar:/Users/liuzhiwei/.m2/repository/org/apache/hadoop/hadoop-yarn-common/2.10.1/hadoop-yarn-common-2.10.1.jar:/Users/liuzhiwei/.m2/repository/com/sun/jersey/jersey-client/1.9/jersey-client-1.9.jar:/Users/liuzhiwei/.m2/repository/org/apache/hadoop/hadoop-mapreduce-client-jobclient/2.10.1/hadoop-mapreduce-client-jobclient-2.10.1.jar:/Users/liuzhiwei/.m2/repository/org/apache/hadoop/hadoop-annotations/2.10.1/hadoop-annotations-2.10.1.jar:/Users/liuzhiwei/.m2/repository/org/apache/hadoop/hadoop-common/2.10.1/hadoop-common-2.10.1-tests.jar:/Users/liuzhiwei/.m2/repository/com/google/guava/guava/11.0.2/guava-11.0.2.jar:/Users/liuzhiwei/.m2/repository/commons-cli/commons-cli/1.2/commons-cli-1.2.jar:/Users/liuzhiwei/.m2/repository/org/apache/commons/commons-math3/3.1.1/commons-math3-3.1.1.jar:/Users/liuzhiwei/.m2/repository/xmlenc/xmlenc/0.52/xmlenc-0.52.jar:/Users/liuzhiwei/.m2/repository/commons-io/commons-io/2.4/commons-io-2.4.jar:/Users/liuzhiwei/.m2/repository/commons-net/commons-net/3.1/commons-net-3.1.jar:/Users/liuzhiwei/.m2/repository/commons-collections/commons-collections/3.2.2/commons-collections-3.2.2.jar:/Users/liuzhiwei/.m2/repository/javax/servlet/servlet-api/2.5/servlet-api-2.5.jar:/Users/liuzhiwei/.m2/repository/org/mortbay/jetty/jetty/6.1.26/jetty-6.1.26.jar:/Users/liuzhiwei/.m2/repository/org/mortbay/jetty/jetty-util/6.1.26/jetty-util-6.1.26.jar:/Users/liuzhiwei/.m2/repository/org/mortbay/jetty/jetty-sslengine/6.1.26/jetty-sslengine-6.1.26.jar:/Users/liuzhiwei/.m2/repository/javax/servlet/jsp/jsp-api/2.1/jsp-api-2.1.jar:/Users/liuzhiwei/.m2/repository/com/sun/jersey/jersey-core/1.9/jersey-core-1.9.jar:/Users/liuzhiwei/.m2/repository/com/sun/jersey/jersey-json/1.9/jersey-json-1.9.jar:/Users/liuzhiwei/.m2/repository/org/codehaus/jettison/jettison/1.1/jettison-1.1.jar:/Users/liuzhiwei/.m2/repository/com/sun/xml/bind/jaxb-impl/2.2.3-1/jaxb-impl-2.2.3-1.jar:/Users/liuzhiwei/.m2/repository/org/codehaus/jackson/jackson-jaxrs/1.9.13/jackson-jaxrs-1.9.13.jar:/Users/liuzhiwei/.m2/repository/org/codehaus/jackson/jackson-xc/1.9.13/jackson-xc-1.9.13.jar:/Users/liuzhiwei/.m2/repository/com/sun/jersey/jersey-server/1.9/jersey-server-1.9.jar:/Users/liuzhiwei/.m2/repository/asm/asm/3.1/asm-3.1.jar:/Users/liuzhiwei/.m2/repository/net/java/dev/jets3t/jets3t/0.9.0/jets3t-0.9.0.jar:/Users/liuzhiwei/.m2/repository/com/jamesmurty/utils/java-xmlbuilder/0.4/java-xmlbuilder-0.4.jar:/Users/liuzhiwei/.m2/repository/commons-configuration/commons-configuration/1.6/commons-configuration-1.6.jar:/Users/liuzhiwei/.m2/repository/commons-digester/commons-digester/1.8/commons-digester-1.8.jar:/Users/liuzhiwei/.m2/repository/commons-beanutils/commons-beanutils/1.9.4/commons-beanutils-1.9.4.jar:/Users/liuzhiwei/.m2/repository/org/apache/commons/commons-lang3/3.4/commons-lang3-3.4.jar:/Users/liuzhiwei/.m2/repository/com/google/code/gson/gson/2.2.4/gson-2.2.4.jar:/Users/liuzhiwei/.m2/repository/org/apache/hadoop/hadoop-auth/2.10.1/hadoop-auth-2.10.1.jar:/Users/liuzhiwei/.m2/repository/com/nimbusds/nimbus-jose-jwt/7.9/nimbus-jose-jwt-7.9.jar:/Users/liuzhiwei/.m2/repository/com/github/stephenc/jcip/jcip-annotations/1.0-1/jcip-annotations-1.0-1.jar:/Users/liuzhiwei/.m2/repository/net/minidev/json-smart/2.3/json-smart-2.3.jar:/Users/liuzhiwei/.m2/repository/net/minidev/accessors-smart/1.2/accessors-smart-1.2.jar:/Users/liuzhiwei/.m2/repository/org/ow2/asm/asm/5.0.4/asm-5.0.4.jar:/Users/liuzhiwei/.m2/repository/org/apache/directory/server/apacheds-kerberos-codec/2.0.0-M15/apacheds-kerberos-codec-2.0.0-M15.jar:/Users/liuzhiwei/.m2/repository/org/apache/directory/server/apacheds-i18n/2.0.0-M15/apacheds-i18n-2.0.0-M15.jar:/Users/liuzhiwei/.m2/repository/org/apache/directory/api/api-asn1-api/1.0.0-M20/api-asn1-api-1.0.0-M20.jar:/Users/liuzhiwei/.m2/repository/org/apache/directory/api/api-util/1.0.0-M20/api-util-1.0.0-M20.jar:/Users/liuzhiwei/.m2/repository/org/apache/curator/curator-framework/2.7.1/curator-framework-2.7.1.jar:/Users/liuzhiwei/.m2/repository/com/jcraft/jsch/0.1.55/jsch-0.1.55.jar:/Users/liuzhiwei/.m2/repository/org/apache/curator/curator-client/2.7.1/curator-client-2.7.1.jar:/Users/liuzhiwei/.m2/repository/org/apache/curator/curator-recipes/2.7.1/curator-recipes-2.7.1.jar:/Users/liuzhiwei/.m2/repository/com/google/code/findbugs/jsr305/3.0.2/jsr305-3.0.2.jar:/Users/liuzhiwei/.m2/repository/org/apache/htrace/htrace-core4/4.1.0-incubating/htrace-core4-4.1.0-incubating.jar:/Users/liuzhiwei/.m2/repository/org/apache/zookeeper/zookeeper/3.4.14/zookeeper-3.4.14.jar:/Users/liuzhiwei/.m2/repository/com/github/spotbugs/spotbugs-annotations/3.1.9/spotbugs-annotations-3.1.9.jar:/Users/liuzhiwei/.m2/repository/org/codehaus/woodstox/stax2-api/3.1.4/stax2-api-3.1.4.jar:/Users/liuzhiwei/.m2/repository/com/fasterxml/woodstox/woodstox-core/5.0.3/woodstox-core-5.0.3.jar:/Users/liuzhiwei/.m2/repository/org/apache/hadoop/hadoop-hdfs/2.10.1/hadoop-hdfs-2.10.1.jar:/Users/liuzhiwei/.m2/repository/commons-daemon/commons-daemon/1.0.13/commons-daemon-1.0.13.jar:/Users/liuzhiwei/.m2/repository/io/netty/netty/3.10.6.Final/netty-3.10.6.Final.jar:/Users/liuzhiwei/.m2/repository/io/netty/netty-all/4.1.50.Final/netty-all-4.1.50.Final.jar:/Users/liuzhiwei/.m2/repository/xerces/xercesImpl/2.9.1/xercesImpl-2.9.1.jar:/Users/liuzhiwei/.m2/repository/xml-apis/xml-apis/1.3.04/xml-apis-1.3.04.jar:/Users/liuzhiwei/.m2/repository/org/fusesource/leveldbjni/leveldbjni-all/1.8/leveldbjni-all-1.8.jar:/Users/liuzhiwei/.m2/repository/org/apache/hadoop/hadoop-hdfs/2.10.1/hadoop-hdfs-2.10.1-tests.jar:/Users/liuzhiwei/ideapro/hudisrc/hudi-0.12.1/hudi-tests-common/target/hudi-tests-common-0.12.1.jar:/Users/liuzhiwei/.m2/repository/org/apache/logging/log4j/log4j-core/2.17.2/log4j-core-2.17.2.jar:/Users/liuzhiwei/.m2/repository/org/apache/logging/log4j/log4j-slf4j-impl/2.17.2/log4j-slf4j-impl-2.17.2.jar:/Users/liuzhiwei/.m2/repository/org/slf4j/jul-to-slf4j/1.7.36/jul-to-slf4j-1.7.36.jar:/Users/liuzhiwei/.m2/repository/org/junit/jupiter/junit-jupiter-api/5.7.2/junit-jupiter-api-5.7.2.jar:/Users/liuzhiwei/.m2/repository/org/apiguardian/apiguardian-api/1.1.0/apiguardian-api-1.1.0.jar:/Users/liuzhiwei/.m2/repository/org/opentest4j/opentest4j/1.2.0/opentest4j-1.2.0.jar:/Users/liuzhiwei/.m2/repository/org/junit/platform/junit-platform-commons/1.7.2/junit-platform-commons-1.7.2.jar:/Users/liuzhiwei/.m2/repository/org/junit/jupiter/junit-jupiter-engine/5.7.2/junit-jupiter-engine-5.7.2.jar:/Users/liuzhiwei/.m2/repository/org/junit/platform/junit-platform-engine/1.7.2/junit-platform-engine-1.7.2.jar:/Users/liuzhiwei/.m2/repository/org/junit/vintage/junit-vintage-engine/5.7.2/junit-vintage-engine-5.7.2.jar:/Users/liuzhiwei/.m2/repository/junit/junit/4.13/junit-4.13.jar:/Users/liuzhiwei/.m2/repository/org/hamcrest/hamcrest-core/1.3/hamcrest-core-1.3.jar:/Users/liuzhiwei/.m2/repository/org/junit/jupiter/junit-jupiter-params/5.7.2/junit-jupiter-params-5.7.2.jar:/Users/liuzhiwei/.m2/repository/org/mockito/mockito-junit-jupiter/3.3.3/mockito-junit-jupiter-3.3.3.jar:/Users/liuzhiwei/.m2/repository/org/mockito/mockito-core/3.3.3/mockito-core-3.3.3.jar:/Users/liuzhiwei/.m2/repository/net/bytebuddy/byte-buddy/1.10.5/byte-buddy-1.10.5.jar:/Users/liuzhiwei/.m2/repository/net/bytebuddy/byte-buddy-agent/1.10.5/byte-buddy-agent-1.10.5.jar:/Users/liuzhiwei/.m2/repository/com/esotericsoftware/kryo-shaded/4.0.2/kryo-shaded-4.0.2.jar:/Users/liuzhiwei/.m2/repository/com/esotericsoftware/minlog/1.3.0/minlog-1.3.0.jar:/Users/liuzhiwei/.m2/repository/org/objenesis/objenesis/2.5.1/objenesis-2.5.1.jar:/Users/liuzhiwei/.m2/repository/com/github/stefanbirkner/system-rules/1.17.2/system-rules-1.17.2.jar:/Users/liuzhiwei/.m2/repository/org/apache/hbase/hbase-client/2.4.9/hbase-client-2.4.9.jar:/Users/liuzhiwei/.m2/repository/org/apache/hbase/thirdparty/hbase-shaded-protobuf/3.5.1/hbase-shaded-protobuf-3.5.1.jar:/Users/liuzhiwei/.m2/repository/org/apache/hbase/hbase-common/2.4.9/hbase-common-2.4.9.jar:/Users/liuzhiwei/.m2/repository/org/apache/hbase/hbase-logging/2.4.9/hbase-logging-2.4.9.jar:/Users/liuzhiwei/.m2/repository/org/apache/hbase/thirdparty/hbase-shaded-gson/3.5.1/hbase-shaded-gson-3.5.1.jar:/Users/liuzhiwei/.m2/repository/org/apache/hbase/hbase-hadoop-compat/2.4.9/hbase-hadoop-compat-2.4.9.jar:/Users/liuzhiwei/.m2/repository/org/apache/hbase/hbase-hadoop2-compat/2.4.9/hbase-hadoop2-compat-2.4.9.jar:/Users/liuzhiwei/.m2/repository/javax/activation/javax.activation-api/1.2.0/javax.activation-api-1.2.0.jar:/Users/liuzhiwei/.m2/repository/org/apache/hbase/hbase-protocol-shaded/2.4.9/hbase-protocol-shaded-2.4.9.jar:/Users/liuzhiwei/.m2/repository/org/apache/hbase/hbase-protocol/2.4.9/hbase-protocol-2.4.9.jar:/Users/liuzhiwei/.m2/repository/org/apache/hbase/thirdparty/hbase-shaded-miscellaneous/3.5.1/hbase-shaded-miscellaneous-3.5.1.jar:/Users/liuzhiwei/.m2/repository/org/apache/hbase/thirdparty/hbase-shaded-netty/3.5.1/hbase-shaded-netty-3.5.1.jar:/Users/liuzhiwei/.m2/repository/org/jruby/jcodings/jcodings/1.0.55/jcodings-1.0.55.jar:/Users/liuzhiwei/.m2/repository/org/jruby/joni/joni/2.1.31/joni-2.1.31.jar:/Users/liuzhiwei/.m2/repository/io/dropwizard/metrics/metrics-core/4.1.1/metrics-core-4.1.1.jar:/Users/liuzhiwei/.m2/repository/org/apache/commons/commons-crypto/1.0.0/commons-crypto-1.0.0.jar:/Users/liuzhiwei/.m2/repository/org/apache/yetus/audience-annotations/0.5.0/audience-annotations-0.5.0.jar:/Users/liuzhiwei/.m2/repository/org/apache/hbase/hbase-server/2.4.9/hbase-server-2.4.9.jar:/Users/liuzhiwei/.m2/repository/org/apache/hbase/hbase-http/2.4.9/hbase-http-2.4.9.jar:/Users/liuzhiwei/.m2/repository/org/apache/hbase/thirdparty/hbase-shaded-jetty/3.5.1/hbase-shaded-jetty-3.5.1.jar:/Users/liuzhiwei/.m2/repository/org/apache/hbase/thirdparty/hbase-shaded-jersey/3.5.1/hbase-shaded-jersey-3.5.1.jar:/Users/liuzhiwei/.m2/repository/jakarta/ws/rs/jakarta.ws.rs-api/2.1.6/jakarta.ws.rs-api-2.1.6.jar:/Users/liuzhiwei/.m2/repository/jakarta/annotation/jakarta.annotation-api/1.3.5/jakarta.annotation-api-1.3.5.jar:/Users/liuzhiwei/.m2/repository/jakarta/validation/jakarta.validation-api/2.0.2/jakarta.validation-api-2.0.2.jar:/Users/liuzhiwei/.m2/repository/org/glassfish/hk2/external/jakarta.inject/2.6.1/jakarta.inject-2.6.1.jar:/Users/liuzhiwei/.m2/repository/org/javassist/javassist/3.25.0-GA/javassist-3.25.0-GA.jar:/Users/liuzhiwei/.m2/repository/javax/ws/rs/javax.ws.rs-api/2.1.1/javax.ws.rs-api-2.1.1.jar:/Users/liuzhiwei/.m2/repository/org/apache/hbase/hbase-procedure/2.4.9/hbase-procedure-2.4.9.jar:/Users/liuzhiwei/.m2/repository/org/apache/hbase/hbase-zookeeper/2.4.9/hbase-zookeeper-2.4.9.jar:/Users/liuzhiwei/.m2/repository/org/apache/hbase/hbase-replication/2.4.9/hbase-replication-2.4.9.jar:/Users/liuzhiwei/.m2/repository/org/apache/hbase/hbase-metrics-api/2.4.9/hbase-metrics-api-2.4.9.jar:/Users/liuzhiwei/.m2/repository/org/apache/hbase/hbase-metrics/2.4.9/hbase-metrics-2.4.9.jar:/Users/liuzhiwei/.m2/repository/org/apache/hbase/hbase-asyncfs/2.4.9/hbase-asyncfs-2.4.9.jar:/Users/liuzhiwei/.m2/repository/org/glassfish/web/javax.servlet.jsp/2.3.2/javax.servlet.jsp-2.3.2.jar:/Users/liuzhiwei/.m2/repository/org/glassfish/javax.el/3.0.1-b12/javax.el-3.0.1-b12.jar:/Users/liuzhiwei/.m2/repository/javax/servlet/jsp/javax.servlet.jsp-api/2.3.1/javax.servlet.jsp-api-2.3.1.jar:/Users/liuzhiwei/.m2/repository/org/jamon/jamon-runtime/2.4.1/jamon-runtime-2.4.1.jar:/Users/liuzhiwei/.m2/repository/com/lmax/disruptor/3.4.2/disruptor-3.4.2.jar:/Users/liuzhiwei/.m2/repository/org/apache/hadoop/hadoop-distcp/2.10.0/hadoop-distcp-2.10.0.jar:/Users/liuzhiwei/.m2/repository/org/lz4/lz4-java/1.8.0/lz4-java-1.8.0.jar:/Users/liuzhiwei/.m2/repository/joda-time/joda-time/2.9.9/joda-time-2.9.9.jar:/Users/liuzhiwei/.m2/repository/org/apache/maven/surefire/surefire-junit-platform/2.22.2/surefire-junit-platform-2.22.2.jar:/Users/liuzhiwei/.m2/repository/org/junit/platform/junit-platform-launcher/1.3.1/junit-platform-launcher-1.3.1.jar"/>
    <property name="java.vm.vendor" value="Oracle Corporation"/>
    <property name="sun.arch.data.model" value="64"/>
    <property name="java.vendor.url" value="http://java.oracle.com/"/>
    <property name="user.timezone" value=""/>
    <property name="java.vm.specification.version" value="1.8"/>
    <property name="os.name" value="Mac OS X"/>
    <property name="user.country" value="CN"/>
    <property name="sun.java.launcher" value="SUN_STANDARD"/>
    <property name="sun.boot.library.path" value="/Library/Java/JavaVirtualMachines/jdk1.8.0_311.jdk/Contents/Home/jre/lib"/>
    <property name="sun.java.command" value="org.apache.maven.surefire.booter.ForkedBooter /Users/liuzhiwei/ideapro/hudisrc/hudi-0.12.1/hudi-common/target/surefire 2022-11-02T05-12-35_836-jvmRun1 surefire3582275397664661749tmp surefire_03391938133788913202tmp"/>
    <property name="http.nonProxyHosts" value="local|*.local|169.254/16|*.169.254/16"/>
    <property name="surefire.test.class.path" value="/Users/liuzhiwei/ideapro/hudisrc/hudi-0.12.1/hudi-common/target/test-classes:/Users/liuzhiwei/ideapro/hudisrc/hudi-0.12.1/hudi-common/target/classes:/Users/liuzhiwei/.m2/repository/org/openjdk/jol/jol-core/0.16/jol-core-0.16.jar:/Users/liuzhiwei/.m2/repository/org/apache/logging/log4j/log4j-1.2-api/2.17.2/log4j-1.2-api-2.17.2.jar:/Users/liuzhiwei/.m2/repository/org/apache/logging/log4j/log4j-api/2.17.2/log4j-api-2.17.2.jar:/Users/liuzhiwei/.m2/repository/com/fasterxml/jackson/core/jackson-annotations/2.6.7/jackson-annotations-2.6.7.jar:/Users/liuzhiwei/.m2/repository/com/fasterxml/jackson/core/jackson-databind/2.6.7.3/jackson-databind-2.6.7.3.jar:/Users/liuzhiwei/.m2/repository/com/fasterxml/jackson/core/jackson-core/2.6.7/jackson-core-2.6.7.jar:/Users/liuzhiwei/.m2/repository/org/apache/avro/avro/1.8.2/avro-1.8.2.jar:/Users/liuzhiwei/.m2/repository/org/codehaus/jackson/jackson-core-asl/1.9.13/jackson-core-asl-1.9.13.jar:/Users/liuzhiwei/.m2/repository/org/codehaus/jackson/jackson-mapper-asl/1.9.13/jackson-mapper-asl-1.9.13.jar:/Users/liuzhiwei/.m2/repository/com/thoughtworks/paranamer/paranamer/2.7/paranamer-2.7.jar:/Users/liuzhiwei/.m2/repository/org/xerial/snappy/snappy-java/1.1.1.3/snappy-java-1.1.1.3.jar:/Users/liuzhiwei/.m2/repository/org/apache/commons/commons-compress/1.8.1/commons-compress-1.8.1.jar:/Users/liuzhiwei/.m2/repository/org/tukaani/xz/1.5/xz-1.5.jar:/Users/liuzhiwei/.m2/repository/org/slf4j/slf4j-api/1.7.36/slf4j-api-1.7.36.jar:/Users/liuzhiwei/.m2/repository/com/github/ben-manes/caffeine/caffeine/2.9.1/caffeine-2.9.1.jar:/Users/liuzhiwei/.m2/repository/org/checkerframework/checker-qual/3.10.0/checker-qual-3.10.0.jar:/Users/liuzhiwei/.m2/repository/com/google/errorprone/error_prone_annotations/2.5.1/error_prone_annotations-2.5.1.jar:/Users/liuzhiwei/.m2/repository/org/apache/parquet/parquet-avro/1.10.1/parquet-avro-1.10.1.jar:/Users/liuzhiwei/.m2/repository/org/apache/parquet/parquet-column/1.10.1/parquet-column-1.10.1.jar:/Users/liuzhiwei/.m2/repository/org/apache/parquet/parquet-common/1.10.1/parquet-common-1.10.1.jar:/Users/liuzhiwei/.m2/repository/org/apache/parquet/parquet-encoding/1.10.1/parquet-encoding-1.10.1.jar:/Users/liuzhiwei/.m2/repository/org/apache/parquet/parquet-hadoop/1.10.1/parquet-hadoop-1.10.1.jar:/Users/liuzhiwei/.m2/repository/org/apache/parquet/parquet-jackson/1.10.1/parquet-jackson-1.10.1.jar:/Users/liuzhiwei/.m2/repository/commons-pool/commons-pool/1.6/commons-pool-1.6.jar:/Users/liuzhiwei/.m2/repository/org/apache/parquet/parquet-format/2.4.0/parquet-format-2.4.0.jar:/Users/liuzhiwei/.m2/repository/it/unimi/dsi/fastutil/7.0.13/fastutil-7.0.13.jar:/Users/liuzhiwei/.m2/repository/org/apache/orc/orc-core/1.6.0/orc-core-1.6.0-nohive.jar:/Users/liuzhiwei/.m2/repository/org/apache/orc/orc-shims/1.6.0/orc-shims-1.6.0.jar:/Users/liuzhiwei/.m2/repository/com/google/protobuf/protobuf-java/2.5.0/protobuf-java-2.5.0.jar:/Users/liuzhiwei/.m2/repository/commons-lang/commons-lang/2.6/commons-lang-2.6.jar:/Users/liuzhiwei/.m2/repository/io/airlift/aircompressor/0.15/aircompressor-0.15.jar:/Users/liuzhiwei/.m2/repository/javax/xml/bind/jaxb-api/2.2.11/jaxb-api-2.2.11.jar:/Users/liuzhiwei/.m2/repository/org/apache/hive/hive-storage-api/2.6.0/hive-storage-api-2.6.0.jar:/Users/liuzhiwei/.m2/repository/org/jetbrains/annotations/17.0.0/annotations-17.0.0.jar:/Users/liuzhiwei/.m2/repository/org/apache/httpcomponents/fluent-hc/4.4.1/fluent-hc-4.4.1.jar:/Users/liuzhiwei/.m2/repository/commons-logging/commons-logging/1.2/commons-logging-1.2.jar:/Users/liuzhiwei/.m2/repository/org/apache/httpcomponents/httpclient/4.4.1/httpclient-4.4.1.jar:/Users/liuzhiwei/.m2/repository/org/apache/httpcomponents/httpcore/4.4.1/httpcore-4.4.1.jar:/Users/liuzhiwei/.m2/repository/commons-codec/commons-codec/1.9/commons-codec-1.9.jar:/Users/liuzhiwei/.m2/repository/org/rocksdb/rocksdbjni/5.17.2/rocksdbjni-5.17.2.jar:/Users/liuzhiwei/.m2/repository/org/apache/hadoop/hadoop-client/2.10.1/hadoop-client-2.10.1.jar:/Users/liuzhiwei/.m2/repository/org/apache/hadoop/hadoop-common/2.10.1/hadoop-common-2.10.1.jar:/Users/liuzhiwei/.m2/repository/org/apache/hadoop/hadoop-hdfs-client/2.10.1/hadoop-hdfs-client-2.10.1.jar:/Users/liuzhiwei/.m2/repository/com/squareup/okhttp/okhttp/2.7.5/okhttp-2.7.5.jar:/Users/liuzhiwei/.m2/repository/com/squareup/okio/okio/1.6.0/okio-1.6.0.jar:/Users/liuzhiwei/.m2/repository/org/apache/hadoop/hadoop-mapreduce-client-app/2.10.1/hadoop-mapreduce-client-app-2.10.1.jar:/Users/liuzhiwei/.m2/repository/org/apache/hadoop/hadoop-mapreduce-client-common/2.10.1/hadoop-mapreduce-client-common-2.10.1.jar:/Users/liuzhiwei/.m2/repository/org/apache/hadoop/hadoop-mapreduce-client-shuffle/2.10.1/hadoop-mapreduce-client-shuffle-2.10.1.jar:/Users/liuzhiwei/.m2/repository/org/apache/hadoop/hadoop-yarn-server-common/2.10.1/hadoop-yarn-server-common-2.10.1.jar:/Users/liuzhiwei/.m2/repository/org/apache/hadoop/hadoop-yarn-registry/2.10.1/hadoop-yarn-registry-2.10.1.jar:/Users/liuzhiwei/.m2/repository/org/apache/geronimo/specs/geronimo-jcache_1.0_spec/1.0-alpha-1/geronimo-jcache_1.0_spec-1.0-alpha-1.jar:/Users/liuzhiwei/.m2/repository/org/ehcache/ehcache/3.3.1/ehcache-3.3.1.jar:/Users/liuzhiwei/.m2/repository/com/zaxxer/HikariCP-java7/2.4.12/HikariCP-java7-2.4.12.jar:/Users/liuzhiwei/.m2/repository/com/microsoft/sqlserver/mssql-jdbc/6.2.1.jre7/mssql-jdbc-6.2.1.jre7.jar:/Users/liuzhiwei/.m2/repository/org/apache/hadoop/hadoop-yarn-api/2.10.1/hadoop-yarn-api-2.10.1.jar:/Users/liuzhiwei/.m2/repository/org/apache/hadoop/hadoop-mapreduce-client-core/2.10.1/hadoop-mapreduce-client-core-2.10.1.jar:/Users/liuzhiwei/.m2/repository/org/apache/hadoop/hadoop-yarn-client/2.10.1/hadoop-yarn-client-2.10.1.jar:/Users/liuzhiwei/.m2/repository/org/apache/hadoop/hadoop-yarn-common/2.10.1/hadoop-yarn-common-2.10.1.jar:/Users/liuzhiwei/.m2/repository/com/sun/jersey/jersey-client/1.9/jersey-client-1.9.jar:/Users/liuzhiwei/.m2/repository/org/apache/hadoop/hadoop-mapreduce-client-jobclient/2.10.1/hadoop-mapreduce-client-jobclient-2.10.1.jar:/Users/liuzhiwei/.m2/repository/org/apache/hadoop/hadoop-annotations/2.10.1/hadoop-annotations-2.10.1.jar:/Users/liuzhiwei/.m2/repository/org/apache/hadoop/hadoop-common/2.10.1/hadoop-common-2.10.1-tests.jar:/Users/liuzhiwei/.m2/repository/com/google/guava/guava/11.0.2/guava-11.0.2.jar:/Users/liuzhiwei/.m2/repository/commons-cli/commons-cli/1.2/commons-cli-1.2.jar:/Users/liuzhiwei/.m2/repository/org/apache/commons/commons-math3/3.1.1/commons-math3-3.1.1.jar:/Users/liuzhiwei/.m2/repository/xmlenc/xmlenc/0.52/xmlenc-0.52.jar:/Users/liuzhiwei/.m2/repository/commons-io/commons-io/2.4/commons-io-2.4.jar:/Users/liuzhiwei/.m2/repository/commons-net/commons-net/3.1/commons-net-3.1.jar:/Users/liuzhiwei/.m2/repository/commons-collections/commons-collections/3.2.2/commons-collections-3.2.2.jar:/Users/liuzhiwei/.m2/repository/javax/servlet/servlet-api/2.5/servlet-api-2.5.jar:/Users/liuzhiwei/.m2/repository/org/mortbay/jetty/jetty/6.1.26/jetty-6.1.26.jar:/Users/liuzhiwei/.m2/repository/org/mortbay/jetty/jetty-util/6.1.26/jetty-util-6.1.26.jar:/Users/liuzhiwei/.m2/repository/org/mortbay/jetty/jetty-sslengine/6.1.26/jetty-sslengine-6.1.26.jar:/Users/liuzhiwei/.m2/repository/javax/servlet/jsp/jsp-api/2.1/jsp-api-2.1.jar:/Users/liuzhiwei/.m2/repository/com/sun/jersey/jersey-core/1.9/jersey-core-1.9.jar:/Users/liuzhiwei/.m2/repository/com/sun/jersey/jersey-json/1.9/jersey-json-1.9.jar:/Users/liuzhiwei/.m2/repository/org/codehaus/jettison/jettison/1.1/jettison-1.1.jar:/Users/liuzhiwei/.m2/repository/com/sun/xml/bind/jaxb-impl/2.2.3-1/jaxb-impl-2.2.3-1.jar:/Users/liuzhiwei/.m2/repository/org/codehaus/jackson/jackson-jaxrs/1.9.13/jackson-jaxrs-1.9.13.jar:/Users/liuzhiwei/.m2/repository/org/codehaus/jackson/jackson-xc/1.9.13/jackson-xc-1.9.13.jar:/Users/liuzhiwei/.m2/repository/com/sun/jersey/jersey-server/1.9/jersey-server-1.9.jar:/Users/liuzhiwei/.m2/repository/asm/asm/3.1/asm-3.1.jar:/Users/liuzhiwei/.m2/repository/net/java/dev/jets3t/jets3t/0.9.0/jets3t-0.9.0.jar:/Users/liuzhiwei/.m2/repository/com/jamesmurty/utils/java-xmlbuilder/0.4/java-xmlbuilder-0.4.jar:/Users/liuzhiwei/.m2/repository/commons-configuration/commons-configuration/1.6/commons-configuration-1.6.jar:/Users/liuzhiwei/.m2/repository/commons-digester/commons-digester/1.8/commons-digester-1.8.jar:/Users/liuzhiwei/.m2/repository/commons-beanutils/commons-beanutils/1.9.4/commons-beanutils-1.9.4.jar:/Users/liuzhiwei/.m2/repository/org/apache/commons/commons-lang3/3.4/commons-lang3-3.4.jar:/Users/liuzhiwei/.m2/repository/com/google/code/gson/gson/2.2.4/gson-2.2.4.jar:/Users/liuzhiwei/.m2/repository/org/apache/hadoop/hadoop-auth/2.10.1/hadoop-auth-2.10.1.jar:/Users/liuzhiwei/.m2/repository/com/nimbusds/nimbus-jose-jwt/7.9/nimbus-jose-jwt-7.9.jar:/Users/liuzhiwei/.m2/repository/com/github/stephenc/jcip/jcip-annotations/1.0-1/jcip-annotations-1.0-1.jar:/Users/liuzhiwei/.m2/repository/net/minidev/json-smart/2.3/json-smart-2.3.jar:/Users/liuzhiwei/.m2/repository/net/minidev/accessors-smart/1.2/accessors-smart-1.2.jar:/Users/liuzhiwei/.m2/repository/org/ow2/asm/asm/5.0.4/asm-5.0.4.jar:/Users/liuzhiwei/.m2/repository/org/apache/directory/server/apacheds-kerberos-codec/2.0.0-M15/apacheds-kerberos-codec-2.0.0-M15.jar:/Users/liuzhiwei/.m2/repository/org/apache/directory/server/apacheds-i18n/2.0.0-M15/apacheds-i18n-2.0.0-M15.jar:/Users/liuzhiwei/.m2/repository/org/apache/directory/api/api-asn1-api/1.0.0-M20/api-asn1-api-1.0.0-M20.jar:/Users/liuzhiwei/.m2/repository/org/apache/directory/api/api-util/1.0.0-M20/api-util-1.0.0-M20.jar:/Users/liuzhiwei/.m2/repository/org/apache/curator/curator-framework/2.7.1/curator-framework-2.7.1.jar:/Users/liuzhiwei/.m2/repository/com/jcraft/jsch/0.1.55/jsch-0.1.55.jar:/Users/liuzhiwei/.m2/repository/org/apache/curator/curator-client/2.7.1/curator-client-2.7.1.jar:/Users/liuzhiwei/.m2/repository/org/apache/curator/curator-recipes/2.7.1/curator-recipes-2.7.1.jar:/Users/liuzhiwei/.m2/repository/com/google/code/findbugs/jsr305/3.0.2/jsr305-3.0.2.jar:/Users/liuzhiwei/.m2/repository/org/apache/htrace/htrace-core4/4.1.0-incubating/htrace-core4-4.1.0-incubating.jar:/Users/liuzhiwei/.m2/repository/org/apache/zookeeper/zookeeper/3.4.14/zookeeper-3.4.14.jar:/Users/liuzhiwei/.m2/repository/com/github/spotbugs/spotbugs-annotations/3.1.9/spotbugs-annotations-3.1.9.jar:/Users/liuzhiwei/.m2/repository/org/codehaus/woodstox/stax2-api/3.1.4/stax2-api-3.1.4.jar:/Users/liuzhiwei/.m2/repository/com/fasterxml/woodstox/woodstox-core/5.0.3/woodstox-core-5.0.3.jar:/Users/liuzhiwei/.m2/repository/org/apache/hadoop/hadoop-hdfs/2.10.1/hadoop-hdfs-2.10.1.jar:/Users/liuzhiwei/.m2/repository/commons-daemon/commons-daemon/1.0.13/commons-daemon-1.0.13.jar:/Users/liuzhiwei/.m2/repository/io/netty/netty/3.10.6.Final/netty-3.10.6.Final.jar:/Users/liuzhiwei/.m2/repository/io/netty/netty-all/4.1.50.Final/netty-all-4.1.50.Final.jar:/Users/liuzhiwei/.m2/repository/xerces/xercesImpl/2.9.1/xercesImpl-2.9.1.jar:/Users/liuzhiwei/.m2/repository/xml-apis/xml-apis/1.3.04/xml-apis-1.3.04.jar:/Users/liuzhiwei/.m2/repository/org/fusesource/leveldbjni/leveldbjni-all/1.8/leveldbjni-all-1.8.jar:/Users/liuzhiwei/.m2/repository/org/apache/hadoop/hadoop-hdfs/2.10.1/hadoop-hdfs-2.10.1-tests.jar:/Users/liuzhiwei/ideapro/hudisrc/hudi-0.12.1/hudi-tests-common/target/hudi-tests-common-0.12.1.jar:/Users/liuzhiwei/.m2/repository/org/apache/logging/log4j/log4j-core/2.17.2/log4j-core-2.17.2.jar:/Users/liuzhiwei/.m2/repository/org/apache/logging/log4j/log4j-slf4j-impl/2.17.2/log4j-slf4j-impl-2.17.2.jar:/Users/liuzhiwei/.m2/repository/org/slf4j/jul-to-slf4j/1.7.36/jul-to-slf4j-1.7.36.jar:/Users/liuzhiwei/.m2/repository/org/junit/jupiter/junit-jupiter-api/5.7.2/junit-jupiter-api-5.7.2.jar:/Users/liuzhiwei/.m2/repository/org/apiguardian/apiguardian-api/1.1.0/apiguardian-api-1.1.0.jar:/Users/liuzhiwei/.m2/repository/org/opentest4j/opentest4j/1.2.0/opentest4j-1.2.0.jar:/Users/liuzhiwei/.m2/repository/org/junit/platform/junit-platform-commons/1.7.2/junit-platform-commons-1.7.2.jar:/Users/liuzhiwei/.m2/repository/org/junit/jupiter/junit-jupiter-engine/5.7.2/junit-jupiter-engine-5.7.2.jar:/Users/liuzhiwei/.m2/repository/org/junit/platform/junit-platform-engine/1.7.2/junit-platform-engine-1.7.2.jar:/Users/liuzhiwei/.m2/repository/org/junit/vintage/junit-vintage-engine/5.7.2/junit-vintage-engine-5.7.2.jar:/Users/liuzhiwei/.m2/repository/junit/junit/4.13/junit-4.13.jar:/Users/liuzhiwei/.m2/repository/org/hamcrest/hamcrest-core/1.3/hamcrest-core-1.3.jar:/Users/liuzhiwei/.m2/repository/org/junit/jupiter/junit-jupiter-params/5.7.2/junit-jupiter-params-5.7.2.jar:/Users/liuzhiwei/.m2/repository/org/mockito/mockito-junit-jupiter/3.3.3/mockito-junit-jupiter-3.3.3.jar:/Users/liuzhiwei/.m2/repository/org/mockito/mockito-core/3.3.3/mockito-core-3.3.3.jar:/Users/liuzhiwei/.m2/repository/net/bytebuddy/byte-buddy/1.10.5/byte-buddy-1.10.5.jar:/Users/liuzhiwei/.m2/repository/net/bytebuddy/byte-buddy-agent/1.10.5/byte-buddy-agent-1.10.5.jar:/Users/liuzhiwei/.m2/repository/com/esotericsoftware/kryo-shaded/4.0.2/kryo-shaded-4.0.2.jar:/Users/liuzhiwei/.m2/repository/com/esotericsoftware/minlog/1.3.0/minlog-1.3.0.jar:/Users/liuzhiwei/.m2/repository/org/objenesis/objenesis/2.5.1/objenesis-2.5.1.jar:/Users/liuzhiwei/.m2/repository/com/github/stefanbirkner/system-rules/1.17.2/system-rules-1.17.2.jar:/Users/liuzhiwei/.m2/repository/org/apache/hbase/hbase-client/2.4.9/hbase-client-2.4.9.jar:/Users/liuzhiwei/.m2/repository/org/apache/hbase/thirdparty/hbase-shaded-protobuf/3.5.1/hbase-shaded-protobuf-3.5.1.jar:/Users/liuzhiwei/.m2/repository/org/apache/hbase/hbase-common/2.4.9/hbase-common-2.4.9.jar:/Users/liuzhiwei/.m2/repository/org/apache/hbase/hbase-logging/2.4.9/hbase-logging-2.4.9.jar:/Users/liuzhiwei/.m2/repository/org/apache/hbase/thirdparty/hbase-shaded-gson/3.5.1/hbase-shaded-gson-3.5.1.jar:/Users/liuzhiwei/.m2/repository/org/apache/hbase/hbase-hadoop-compat/2.4.9/hbase-hadoop-compat-2.4.9.jar:/Users/liuzhiwei/.m2/repository/org/apache/hbase/hbase-hadoop2-compat/2.4.9/hbase-hadoop2-compat-2.4.9.jar:/Users/liuzhiwei/.m2/repository/javax/activation/javax.activation-api/1.2.0/javax.activation-api-1.2.0.jar:/Users/liuzhiwei/.m2/repository/org/apache/hbase/hbase-protocol-shaded/2.4.9/hbase-protocol-shaded-2.4.9.jar:/Users/liuzhiwei/.m2/repository/org/apache/hbase/hbase-protocol/2.4.9/hbase-protocol-2.4.9.jar:/Users/liuzhiwei/.m2/repository/org/apache/hbase/thirdparty/hbase-shaded-miscellaneous/3.5.1/hbase-shaded-miscellaneous-3.5.1.jar:/Users/liuzhiwei/.m2/repository/org/apache/hbase/thirdparty/hbase-shaded-netty/3.5.1/hbase-shaded-netty-3.5.1.jar:/Users/liuzhiwei/.m2/repository/org/jruby/jcodings/jcodings/1.0.55/jcodings-1.0.55.jar:/Users/liuzhiwei/.m2/repository/org/jruby/joni/joni/2.1.31/joni-2.1.31.jar:/Users/liuzhiwei/.m2/repository/io/dropwizard/metrics/metrics-core/4.1.1/metrics-core-4.1.1.jar:/Users/liuzhiwei/.m2/repository/org/apache/commons/commons-crypto/1.0.0/commons-crypto-1.0.0.jar:/Users/liuzhiwei/.m2/repository/org/apache/yetus/audience-annotations/0.5.0/audience-annotations-0.5.0.jar:/Users/liuzhiwei/.m2/repository/org/apache/hbase/hbase-server/2.4.9/hbase-server-2.4.9.jar:/Users/liuzhiwei/.m2/repository/org/apache/hbase/hbase-http/2.4.9/hbase-http-2.4.9.jar:/Users/liuzhiwei/.m2/repository/org/apache/hbase/thirdparty/hbase-shaded-jetty/3.5.1/hbase-shaded-jetty-3.5.1.jar:/Users/liuzhiwei/.m2/repository/org/apache/hbase/thirdparty/hbase-shaded-jersey/3.5.1/hbase-shaded-jersey-3.5.1.jar:/Users/liuzhiwei/.m2/repository/jakarta/ws/rs/jakarta.ws.rs-api/2.1.6/jakarta.ws.rs-api-2.1.6.jar:/Users/liuzhiwei/.m2/repository/jakarta/annotation/jakarta.annotation-api/1.3.5/jakarta.annotation-api-1.3.5.jar:/Users/liuzhiwei/.m2/repository/jakarta/validation/jakarta.validation-api/2.0.2/jakarta.validation-api-2.0.2.jar:/Users/liuzhiwei/.m2/repository/org/glassfish/hk2/external/jakarta.inject/2.6.1/jakarta.inject-2.6.1.jar:/Users/liuzhiwei/.m2/repository/org/javassist/javassist/3.25.0-GA/javassist-3.25.0-GA.jar:/Users/liuzhiwei/.m2/repository/javax/ws/rs/javax.ws.rs-api/2.1.1/javax.ws.rs-api-2.1.1.jar:/Users/liuzhiwei/.m2/repository/org/apache/hbase/hbase-procedure/2.4.9/hbase-procedure-2.4.9.jar:/Users/liuzhiwei/.m2/repository/org/apache/hbase/hbase-zookeeper/2.4.9/hbase-zookeeper-2.4.9.jar:/Users/liuzhiwei/.m2/repository/org/apache/hbase/hbase-replication/2.4.9/hbase-replication-2.4.9.jar:/Users/liuzhiwei/.m2/repository/org/apache/hbase/hbase-metrics-api/2.4.9/hbase-metrics-api-2.4.9.jar:/Users/liuzhiwei/.m2/repository/org/apache/hbase/hbase-metrics/2.4.9/hbase-metrics-2.4.9.jar:/Users/liuzhiwei/.m2/repository/org/apache/hbase/hbase-asyncfs/2.4.9/hbase-asyncfs-2.4.9.jar:/Users/liuzhiwei/.m2/repository/org/glassfish/web/javax.servlet.jsp/2.3.2/javax.servlet.jsp-2.3.2.jar:/Users/liuzhiwei/.m2/repository/org/glassfish/javax.el/3.0.1-b12/javax.el-3.0.1-b12.jar:/Users/liuzhiwei/.m2/repository/javax/servlet/jsp/javax.servlet.jsp-api/2.3.1/javax.servlet.jsp-api-2.3.1.jar:/Users/liuzhiwei/.m2/repository/org/jamon/jamon-runtime/2.4.1/jamon-runtime-2.4.1.jar:/Users/liuzhiwei/.m2/repository/com/lmax/disruptor/3.4.2/disruptor-3.4.2.jar:/Users/liuzhiwei/.m2/repository/org/apache/hadoop/hadoop-distcp/2.10.0/hadoop-distcp-2.10.0.jar:/Users/liuzhiwei/.m2/repository/org/lz4/lz4-java/1.8.0/lz4-java-1.8.0.jar:/Users/liuzhiwei/.m2/repository/joda-time/joda-time/2.9.9/joda-time-2.9.9.jar:"/>
    <property name="sun.cpu.endian" value="little"/>
    <property name="user.home" value="/Users/liuzhiwei"/>
    <property name="user.language" value="zh"/>
    <property name="java.specification.vendor" value="Oracle Corporation"/>
    <property name="java.home" value="/Library/Java/JavaVirtualMachines/jdk1.8.0_311.jdk/Contents/Home/jre"/>
    <property name="basedir" value="/Users/liuzhiwei/ideapro/hudisrc/hudi-0.12.1/hudi-common"/>
    <property name="file.separator" value="/"/>
    <property name="line.separator" value="&#10;"/>
    <property name="java.vm.specification.vendor" value="Oracle Corporation"/>
    <property name="java.specification.name" value="Java Platform API Specification"/>
    <property name="java.awt.graphicsenv" value="sun.awt.CGraphicsEnvironment"/>
    <property name="sun.boot.class.path" value="/Library/Java/JavaVirtualMachines/jdk1.8.0_311.jdk/Contents/Home/jre/lib/resources.jar:/Library/Java/JavaVirtualMachines/jdk1.8.0_311.jdk/Contents/Home/jre/lib/rt.jar:/Library/Java/JavaVirtualMachines/jdk1.8.0_311.jdk/Contents/Home/jre/lib/sunrsasign.jar:/Library/Java/JavaVirtualMachines/jdk1.8.0_311.jdk/Contents/Home/jre/lib/jsse.jar:/Library/Java/JavaVirtualMachines/jdk1.8.0_311.jdk/Contents/Home/jre/lib/jce.jar:/Library/Java/JavaVirtualMachines/jdk1.8.0_311.jdk/Contents/Home/jre/lib/charsets.jar:/Library/Java/JavaVirtualMachines/jdk1.8.0_311.jdk/Contents/Home/jre/lib/jfr.jar:/Library/Java/JavaVirtualMachines/jdk1.8.0_311.jdk/Contents/Home/jre/classes"/>
    <property name="sun.management.compiler" value="HotSpot 64-Bit Tiered Compilers"/>
    <property name="ftp.nonProxyHosts" value="local|*.local|169.254/16|*.169.254/16"/>
    <property name="java.runtime.version" value="1.8.0_311-b11"/>
    <property name="user.name" value="liuzhiwei"/>
    <property name="path.separator" value=":"/>
    <property name="os.version" value="10.16"/>
    <property name="java.endorsed.dirs" value="/Library/Java/JavaVirtualMachines/jdk1.8.0_311.jdk/Contents/Home/jre/lib/endorsed"/>
    <property name="java.runtime.name" value="Java(TM) SE Runtime Environment"/>
    <property name="file.encoding" value="UTF-8"/>
    <property name="java.vm.name" value="Java HotSpot(TM) 64-Bit Server VM"/>
    <property name="localRepository" value="/Users/liuzhiwei/.m2/repository"/>
    <property name="java.vendor.url.bug" value="http://bugreport.sun.com/bugreport/"/>
    <property name="java.io.tmpdir" value="/var/folders/9v/knhh7l116z927rs422hz7g7r0000gn/T/"/>
    <property name="idea.version" value="2021.3.2"/>
    <property name="java.version" value="1.8.0_311"/>
    <property name="user.dir" value="/Users/liuzhiwei/ideapro/hudisrc/hudi-0.12.1/hudi-common"/>
    <property name="os.arch" value="x86_64"/>
    <property name="java.vm.specification.name" value="Java Virtual Machine Specification"/>
    <property name="java.awt.printerjob" value="sun.lwawt.macosx.CPrinterJob"/>
    <property name="sun.os.patch.level" value="unknown"/>
    <property name="java.library.path" value="/Users/liuzhiwei/Library/Java/Extensions:/Library/Java/Extensions:/Network/Library/Java/Extensions:/System/Library/Java/Extensions:/usr/lib/java:."/>
    <property name="java.vm.info" value="mixed mode"/>
    <property name="java.vendor" value="Oracle Corporation"/>
    <property name="java.vm.version" value="25.311-b11"/>
    <property name="java.ext.dirs" value="/Users/liuzhiwei/Library/Java/Extensions:/Library/Java/JavaVirtualMachines/jdk1.8.0_311.jdk/Contents/Home/jre/lib/ext:/Library/Java/Extensions:/Network/Library/Java/Extensions:/System/Library/Java/Extensions:/usr/lib/java"/>
    <property name="sun.io.unicode.encoding" value="UnicodeBig"/>
    <property name="maven.repo.local" value="/Users/liuzhiwei/.m2/repository"/>
    <property name="java.class.version" value="52.0"/>
    <property name="socksNonProxyHosts" value="local|*.local|169.254/16|*.169.254/16"/>
  </properties>
  <testcase name="testGetMessageDigestHash" classname="org.apache.hudi.common.util.TestNumericUtils" time="0"/>
  <testcase name="testPadToLong" classname="org.apache.hudi.common.util.TestNumericUtils" time="0.001"/>
  <testcase name="testHumanReadableByteCount" classname="org.apache.hudi.common.util.TestNumericUtils" time="0.003"/>
</testsuite>